in yantifirst

continue yanti 2

ddsq

cointinue yanti3 3 3 3
[JustClean] C:\CFMobile\Client\Assets\Models
	[ReturnCode] 0
[HoldingReverting]
[HoldingResolving]
[HoldingResolved]
[CleanUnversioned] C:\CFMobile\Client\Assets\Models
	[ReturnCode] 0
[HoldingReverting]
[Reverting] C:\CFMobile\Client\Assets\Models
	[ReturnCode] 0
Revert_folder C:\CFMobile\Client\Assets\Models
[Update] C:\CFMobile\Client\Assets\Models
	[ReturnCode] 0
Updating 'C:\CFMobile\Client\Assets\Models':
U    C:\CFMobile\Client\Assets\Models\Weapons\MainWeapon\MainWeapon_1378_P90_Tu\Materials\1P_P90_TuTu.mat
U    C:\CFMobile\Client\Assets\Models\Weapons\MainWeapon\MainWeapon_1378_P90_Tu\Texture\P90_Tu_packed_E.tga
U    C:\CFMobile\Client\Assets\Models\Weapons\MainWeapon\MainWeapon_1378_P90_Tu\Texture\P90_Tu_packed_albedo.tga
U    C:\CFMobile\Client\Assets\Models\Weapons\MainWeapon\MainWeapon_1378_P90_Tu\Texture\P90_Tu_packed_ao_x_m.tga
U    C:\CFMobile\Client\Assets\Models\Weapons\MainWeapon\MainWeapon_1378_P90_Tu\Texture\UnCompress_P90_Tu_packed_n_r.tga
U    C:\CFMobile\Client\Assets\Models\Weapons\MainWeapon\MainWeapon_1373_AK47_FengShenYiLong\Texture\3P_AK47_FengShenYiLong.tga
U    C:\CFMobile\Client\Assets\Models\Weapons\MainWeapon\MainWeapon_1373_AK47_FengShenYiLong\Texture\AK47_FengShenYiLong_albedo.tga
U    C:\CFMobile\Client\Assets\Models\Weapons\MainWeapon\MainWeapon_1373_AK47_FengShenYiLong\Texture\AK47_FengShenYiLong_ao_x_m.tga
U    C:\CFMobile\Client\Assets\Models\Weapons\MainWeapon\MainWeapon_1373_AK47_FengShenYiLong\Texture\AK47_FengShenYiLong_chibang.tga
U    C:\CFMobile\Client\Assets\Models\Weapons\MainWeapon\MainWeapon_1373_AK47_FengShenYiLong\Texture\UnCompress_AK47_FengShenYiLong_n_r.tga
U    C:\CFMobile\Client\Assets\Models\Weapons\MainWeapon\MainWeapon_1373_AK47_FengShenYiLong\Prefab_1P_AK47_FengShenYiLong_Go.prefab
U    C:\CFMobile\Client\Assets\Models\Weapons\MainWeapon\MainWeapon_1373_AK47_FengShenYiLong\Materials\1P_AK47_FengShenYiLong_B.mat
U    C:\CFMobile\Client\Assets\Models\Weapons\MainWeapon\MainWeapon_1373_AK47_FengShenYiLong\Materials\1P_AK47_FengShenYiLong_C.mat
U    C:\CFMobile\Client\Assets\Models\Weapons\MainWeapon\MainWeapon_165_JiuShiZhu\Prefab_1P_JiuShiZhu_Go.prefab
U    C:\CFMobile\Client\Assets\Models\Weapons\MainWeapon\MainWeapon_165_JiuShiZhu\Materials\1P_JiuShiZhu_B.mat
U    C:\CFMobile\Client\Assets\Models\Weapons\MainWeapon\MainWeapon_165_JiuShiZhu\Materials\1P_JiuShiZhu_B.mat.meta
A    C:\CFMobile\Client\Assets\Models\Weapons\MainWeapon\MainWeapon_165_JiuShiZhu\Materials\1P_JiuShiZhu_B_pbr.mat
A    C:\CFMobile\Client\Assets\Models\Weapons\MainWeapon\MainWeapon_165_JiuShiZhu\Materials\1P_JiuShiZhu_B_pbr.mat.meta
U    C:\CFMobile\Client\Assets\Models\Weapons\MainWeapon\MainWeapon_165_JiuShiZhu\Materials\1p_JiuShiZhu_A.mat
U    C:\CFMobile\Client\Assets\Models\Weapons\MainWeapon\MainWeapon_165_JiuShiZhu\Materials\1p_JiuShiZhu_A.mat.meta
the output 1
sq2
A    C:\CFMobile\Client\Assets\Models\Weapons\MainWeapon\MainWeapon_165_JiuShiZhu\Materials\1p_JiuShiZhu_A_pbr.mat
A    C:\CFMobile\Client\Assets\Models\Weapons\MainWeapon\MainWeapon_165_JiuShiZhu\Materials\1p_JiuShiZhu_A_pbr.mat.meta
U    C:\CFMobile\Client\Assets\Models\Weapons\MainWeapon\MainWeapon_165_JiuShiZhu\Materials\1p_JiuShiZhu_C.mat
U    C:\CFMobile\Client\Assets\Models\Weapons\MainWeapon\MainWeapon_165_JiuShiZhu\Materials\1p_JiuShiZhu_C.mat.meta
D    C:\CFMobi(1条消息) 主题：快进式合并 和 非快进式合并_一只特立独行的_小猫的博客-CSDN博客_快进合并 https://blog.csdn.net/weixin_42051619/article/details/107449425le\Client\Assets\Models\Weapons\MainWeapon\MainWeapon_165_JiuShiZhu\Texture\JiuShiZhu_albedo_C.tga.meta
D    C:\CFMobile\Client\Assets\Models\Weapons\MainWeapon\MainWeapon_165_JiuShiZhu\Texture\UnCompress_JiuShiZhu_n_r_C.tga.meta
D    C:\CFMobile\Client\Assets\Models\Weapons\MainWeapon\MainWeapon_165_JiuShiZhu\Texture\JiuShiZhu_ao_x_m_C.tga
D    C:(1条消息) 主题：快进式合并 和 非快进式合并_一只特立独行的_小猫的博客-CSDN博客_快进合并 https://blog.csdn.net/weixin_42051619/article/details/107449425\CFMobile\Client\Assets\Models\Weapons\MainWeapon\MainWeapon_165_JiuShiZhu\Texture\JiuShiZhu_albedo_C.tga
D    C:\CFMobile\Client\Assets\Models\Weapons\MainWeapon\MainWeapon_165_JiuShiZhu\Texture\UnCompress_JiuShiZhu_n_r_C.tga
D    C:\CFMobile\Client\Assets\Models\Weapons\MainWeapon\MainWeapon_165_JiuShiZhu\Texture\JiuShiZhu_ao_x_m_C.tga.meta
A    C:\CFMobile\Client\Assets\Models\Weapons\MainWeapon\MainWeapon_165_JiuShiZhu\Texture\Nomipmap_JiuShiZhu_A.tga
A    C:\CFMobile\Client\Assets\Models\Weapons\MainWeapon\MainWeapon_165_JiuShiZhu\Texture\Nomipmap_JiuShiZhu_A.tga.meta
A    C:\CFMobile\Client\Assets\Models\Weapons\MainWeapon\MainWeapon_165_JiuShiZhu\Texture\Nomipmap_JiuShiZhu_B.tga
A    C:\CFMobile\Client\Assets\Models\Weapons\MainWeapon\MainWeapon_165_JiuShiZhu\Texture\Nomipmap_JiuShiZhu_B.tga.meta
A    C:\CFMobile\Client\Assets\Models\Weapons\MainWeapon\MainWeapon_165_JiuShiZhu\Texture\Nomipmap_JiuShiZhu_C.tga
A    C:\CFMobile\Client\Assets\Models\Weapons\MainWeapon\MainWeapon_165_JiuShiZhu\Texture\Nomipmap_JiuShiZhu_C.tga.meta
U    C:\CFMobile\Client\Assets\Models\Weapons\MainWeapon\MainWeapon_165_JiuShiZhu\Texture\JiuShiZhu_albedo_A.tga
U    C:\CFMobile\Client\Assets\Models\Weapons\MainWeapon\MainWeapon_165_JiuShiZhu\Texture\JiuShiZhu_albedo_B.tga
U    C:\CFMobile\Client\Assets\Models\Weapons\MainWeapon\MainWeapon_165_JiuShiZhu\Texture\UnCompress_JiuShiZhu_n_r_B.tga
U    C:\CFMobile\Client\Assets\Models\Weapons\MainWeapon\MainWeapon_1381_Barret_Winter\Prefab_1P_Barret_Winter_Go.prefab
A    C:\CFMobile\Client\Assets\Models\Weapons\MainWeapon\MainWeapon_1381_Barret_Winter\Texture\Barret_Winter_Emissive.tga
U    C:\CFMobile\Client\Assets\Models\Weapons\MainWeapon\MainWeapon_1381_Barret_Winter\Texture\Barret_Winter_JX_packed_albedo.tga
U    C:\CFMobile\Client\Assets\Models\Weapons\MainWeapon\MainWeapon_1381_Barret_Winter\Texture\Barret_Winter_JX_packed_ao_x_m.tga
U    C:\CFMobile\Client\Assets\Models\Weapons\MainWeapon\MainWeapon_1381_Barret_Winter\Texture\UnCompress_Barret_Winter_JX_packed_n_r.tga
A    C:\CFMobile\Client\Assets\Models\Weapons\MainWeapon\MainWeapon_1381_Barret_Winter\Texture\Barret_Winter_Emissive.tga.meta
U    C:\CFMobile\Client\Assets\Models\Weapons\MainWeapon\MainWeapon_1381_Barret_Winter\Materials\1P_Barret_Winter.mat
U    C:\CFMobile\Client\Assets\Models\Weapons\MainWeapon\MainWeapon_1382_Barret_Winter_JX\Prefab_1P_Barret_Winter_JX_Go.prefab
U    C:\CFMobile\Client\Assets\Models\Weapons\MainWeapon\MainWeapon_1382_Barret_Winter_JX\Materials\1P_Barret_Winter_JX.mat
A    C:\CFMobile\Client\Assets\Models\Weapons\MainWeapon\MainWeapon_1382_Barret_Winter_JX\Texture\Barret_Winter_JX_Emissive.tga
A    C:\CFMobile\Client\Assets\Models\Weapons\MainWeapon\MainWeapon_1382_Barret_Winter_JX\Texture\Barret_Winter_JX_Emissive.tga.meta
U    C:\CFMobile\Client\Assets\Models\Weapons\MainWeapon\MainWeapon_1382_Barret_Winter_JX\Texture\Barret_Winter_JX_packed_albedo.tga
U    C:\CFMobile\Client\Assets\Models\Weapons\MainWeapon\MainWeapon_1382_Barret_Winter_JX\Texture\Barret_Winter_JX_packed_ao_x_m.tga
U    C:\CFMobile\Client\Assets\Models\Weapons\MainWeapon\MainWeapon_1382_Barret_Winter_JX\Texture\UnCompress_Barret_Winter_JX_packed_n_r.tga
U    C:\CFMobile\Client\Assets\Models\Weapons\MainWeapon\MainWeapon_1384_QBZ03_QiangNiang\Texture\QBZ03_QiangNiang_albedo.tga
U    C:\CFMobile\Client\Assets\Models\Weapons\MainWeapon\MainWeapon_1384_QBZ03_QiangNiang\Texture\QBZ03_QiangNiang_ao_x_m.tga
U    C:\CFMobile\Client\Assets\Models\Weapons\MainWeapon\MainWeapon_1384_QBZ03_QiangNiang\Texture\UnCompress_QBZ03_QiangNiang_Gold_n_r.tga
D    C:\CFMobile\Client\Assets\Models\Weapons\MainWeapon\MainWeapon_1389_Barret_LeiShen_ChunJie\Texture\UnCompress_Barret_LeiShen_ChunJie_n_r_m.tga.meta
D    C:\CFMobile\Client\Assets\Models\Weapons\MainWeapon\MainWeapon_1389_Barret_LeiShen_ChunJie\Texture\UnCompress_Barret_LeiShen_ChunJie_n_r_m.tga
U    C:\CFMobile\Client\Assets\Models\Weapons\MainWeapon\MainWeapon_1389_Barret_LeiShen_ChunJie\Texture\Barret_LeiShen_ChunJie_albedo.tga
U    C:\CFMobile\Client\Assets\Models\Weapons\MainWeapon\MainWeapon_1389_Barret_LeiShen_ChunJie\Texture\Barret_LeiShen_ChunJie_ao_x_m.tga
A    C:\CFMobile\Client\Assets\Models\Weapons\MainWeapon\MainWeapon_1389_Barret_LeiShen_ChunJie\Texture\UnCompress_Barret_LeiShen_ChunJie_n_r.tga
A    C:\CFMobile\Client\Assets\Models\Weapons\MainWeapon\MainWeapon_1389_Barret_LeiShen_ChunJie\Texture\3P_Barret_LeiShen_ChunJie.tga
A    C:\CFMobile\Client\Assets\Models\Weapons\MainWeapon\MainWeapon_1389_Barret_LeiShen_ChunJie\Texture\3P_Barret_LeiShen_ChunJie.tga.meta
A    C:\CFMobile\Client\Assets\Models\Weapons\MainWeapon\MainWeapon_1389_Barret_LeiShen_ChunJie\Texture\UnCompress_Barret_LeiShen_ChunJie_n_r.tga.meta
U    C:\CFMobile\Client\Assets\Models\Weapons\MainWeapon\MainWeapon_1389_Barret_LeiShen_ChunJie\Materials\1P_Barret_LeiShen_ChunJie.mat
U    C:\CFMobile\Client\Assets\Models\Weapons\MainWeapon\MainWeapon_1389_Barret_LeiShen_ChunJie\Materials\3P_Barret_LeiShen_ChunJie.mat
U    C:\CFMobile\Client\Assets\Models\Weapons\MainWeapon\MainWeapon_1389_Barret_LeiShen_ChunJie\Prefab_1P_Barret_LeiShen_ChunJie_Go.prefab
U    C:\CFMobile\Client\Assets\Models\Weapons\MainWeapon\MainWeapon_1342_M4A1_SiShen_Gold_HS\Texture\Trans_Nomipmap_M4A1_SiShen_Gold_HS_albedo.tga
U    C:\CFMobile\Client\Assets\Models\Weapons\MainWeapon\MainWeapon_1409_TAC_300_Qing\Materials\1P_TAC_300.mat
U    C:\CFMobile\Client\Assets\Models\Weapons\MainWeapon\MainWeapon_1409_TAC_300_Qing\Texture\TAC_300_Qing_albedo.tga
U    C:\CFMobile\Client\Assets\Models\Weapons\MainWeapon\MainWeapon_1409_TAC_300_Qing\Texture\TAC_300_Qing_ao_x_m.tga
U    C:\CFMobile\Client\Assets\Models\Weapons\MainWeapon\MainWeapon_1409_TAC_300_Qing\Texture\UnCompress_TAC_300_Qing_n_r.tga
U    C:\CFMobile\Client\Assets\Models\Weapons\MainWeapon\MainWeapon_630_M4A1_BaiQiShi_WanOu\Texture\Trans_nomipmap_M4A1_BaiQiShi_WanOu.tga
D    C:\CFMobile\Client\Assets\Models\Weapons\MainWeapon\MainWeapon_1406_HK417_Red\Female_Prefab_3P_HK417_Red_Go_TPS.prefab
D    C:\CFMobile\Client\Assets\Models\Weapons\MainWeapon\MainWeapon_1406_HK417_Red\Prefab_3P_HK417_Red_Go_TPS.prefab.meta
D    C:\CFMobile\Client\Assets\Models\Weapons\MainWeapon\MainWeapon_1406_HK417_Red\Female_Prefab_3P_HK417_Red_Go_TPS.prefab.meta
D    C:\CFMobile\Client\Assets\Models\Weapons\MainWeapon\MainWeapon_1406_HK417_Red\Prefab_3P_HK417_Red_Go_TPS.prefab
A    C:\CFMobile\Client\Assets\Models\Weapons\MainWeapon\MainWeapon_1406_HK417_Red\Materials\1P_HK417_Red.mat
A    C:\CFMobile\Client\Assets\Models\Weapons\MainWeapon\MainWeapon_1406_HK417_Red\Materials\1P_HK417_Red.mat.meta
A    C:\CFMobile\Client\Assets\Models\Weapons\MainWeapon\MainWeapon_1406_HK417_Red\Materials\3P_HK417_Red.mat
A    C:\CFMobile\Client\Assets\Models\Weapons\MainWeapon\MainWeapon_1406_HK417_Red\Materials\3P_HK417_Red.mat.meta
A    C:\CFMobile\Client\Assets\Models\Weapons\MainWeapon\MainWeapon_1406_HK417_Red\Texture\Trans_nomipmap_HK417_Red.tga
A    C:\CFMobile\Client\Assets\Models\Weapons\MainWeapon\MainWeapon_1406_HK417_Red\Texture\3P_HK417_Red.tga
A    C:\CFMobile\Client\Assets\Models\Weapons\MainWeapon\MainWeapon_1406_HK417_Red\Texture\3P_HK417_Red.tga.meta
A    C:\CFMobile\Client\Assets\Models\Weapons\MainWeapon\MainWeapon_1406_HK417_Red\Texture\HK417_Red_N.tga
A    C:\CFMobile\Client\Assets\Models\Weapons\MainWeapon\MainWeapon_1406_HK417_Red\Texture\HK417_Red_N.tga.meta
A    C:\CFMobile\Client\Assets\Models\Weapons\MainWeapon\MainWeapon_1406_HK417_Red\Texture\Trans_nomipmap_HK417_Red.tga.meta
U    C:\CFMobile\Client\Assets\Models\Weapons\MainWeapon\MainWeapon_1406_HK417_Red\Female_Prefab_3P_HK417_Red_Go.prefab
U    C:\CFMobile\Client\Assets\Models\Weapons\MainWeapon\MainWeapon_1406_HK417_Red\Prefab_1P_HK417_Red_Go.prefab
U    C:\CFMobile\Client\Assets\Models\Weapons\MainWeapon\MainWeapon_1406_HK417_Red\Prefab_3P_HK417_Red_Go.prefab
U    C:\CFMobile\Client\Assets\Models\Weapons\MainWeapon\MainWeapon_1383_QiChui_GaoBai\Texture\QiChui_GaoBai_QiChui_GaoBai_N.tga
U    C:\CFMobile\Client\Assets\Models\Weapons\MainWeapon\MainWeapon_1383_QiChui_GaoBai\Texture\QiChui_GaoBai_QiChui_GaoBai_packed_ao_x_m.tga
U    C:\CFMobile\Client\Assets\Models\Weapons\MainWeapon\MainWeapon_1383_QiChui_GaoBai\Texture\Tarnt_QiChui_GaoBai_QiChui_GaoBai_packed_albedo.tga
U    C:\CFMobile\Client\Assets\Models\Weapons\MainWeapon\MainWeapon_1383_QiChui_GaoBai\Texture\UnCompress_QiChui_GaoBai_QiChui_GaoBai_packed_n_r.tga
U    C:\CFMobile\Client\Assets\Models\Weapons\MainWeapon\MainWeapon_1379_P90_TuTu_JX\Texture\P90_TuTu_JX_packed_E.tga
U    C:\CFMobile\Client\Assets\Models\Weapons\MainWeapon\MainWeapon_1379_P90_TuTu_JX\Texture\P90_TuTu_JX_packed_albedo.tga
U    C:\CFMobile\Client\Assets\Models\Weapons\MainWeapon\MainWeapon_1379_P90_TuTu_JX\Texture\P90_TuTu_JX_packed_ao_x_m.tga
U    C:\CFMobile\Client\Assets\Models\Weapons\MainWeapon\MainWeapon_1379_P90_TuTu_JX\Texture\UnCompress_P90_TuTu_JX_packed_n_r.tga
U    C:\CFMobile\Client\Assets\Models\Weapons\MainWeapon\MainWeapon_1376_M4A1_Rush_Gold\Materials\1P_M4A1_Rush_Gold.mat
D    C:\CFMobile\Client\Assets\Models\Weapons\MainWeapon\MainWeapon_1376_M4A1_Rush_Gold\Texture\UnCompress_M4A1_361_N.tga.tga.meta
D    C:\CFMobile\Client\Assets\Models\Weapons\MainWeapon\MainWeapon_1376_M4A1_Rush_Gold\Texture\UnCompress_M4A1_361_N.tga.tga
U    C:\CFMobile\Client\Assets\Models\Weapons\MainWeapon\MainWeapon_1376_M4A1_Rush_Gold\Texture\Trans_nomipmap_M4A1_Rush_Gold_packed_albedo.tga
A    C:\CFMobile\Client\Assets\Models\Weapons\MainWeapon\MainWeapon_1376_M4A1_Rush_Gold\Texture\UnCompress_M4A1_Rush_Gold_N.tga.tga
A    C:\CFMobile\Client\Assets\Models\Weapons\MainWeapon\MainWeapon_1376_M4A1_Rush_Gold\Texture\UnCompress_M4A1_Rush_Gold_N.tga.tga.meta
U    C:\CFMobile\Client\Assets\Models\Weapons\MeleeWeapon\MeleeWeapon_531_MaLaiJian_ZBSM_CZCB\Materials\1P_MaLaiJian_ZBSM_CZCB_A.mat
U    C:\CFMobile\Client\Assets\Models\Weapons\MeleeWeapon\MeleeWeapon_531_MaLaiJian_ZBSM_CZCB\Materials\1P_MaLaiJian_ZBSM_CZCB_B.mat
U    C:\CFMobile\Client\Assets\Models\Weapons\MeleeWeapon\MeleeWeapon_531_MaLaiJian_ZBSM_CZCB\Texture\MaLaiJian_ZBSM_CZCB_flowmap.tga
U    C:\CFMobile\Client\Assets\Models\Weapons\MeleeWeapon\MeleeWeapon_531_MaLaiJian_ZBSM_CZCB\Texture\Trans_nomipmap_MaLaiJian_ZBSM_CZCB.tga
U    C:\CFMobile\Client\Assets\Models\Weapons\MeleeWeapon\MeleeWeapon_537_Knife_Carrot\Materials\1P_Knife_Carrot.mat
U    C:\CFMobile\Client\Assets\Models\Weapons\MeleeWeapon\MeleeWeapon_537_Knife_Carrot\Materials\3P_Knife_Carrot.mat
D    C:\CFMobile\Client\Assets\Models\Weapons\MeleeWeapon\MeleeWeapon_537_Knife_Carrot\Texture\3P_Knife_Carrot.tga.meta
D    C:\CFMobile\Client\Assets\Models\Weapons\MeleeWeapon\MeleeWeapon_537_Knife_Carrot\Texture\3P_Knife_Carrot.tga
D    C:\CFMobile\Client\Assets\Models\Weapons\MeleeWeapon\MeleeWeapon_537_Knife_Carrot\Texture\Knife_Carrot_S.tga
D    C:\CFMobile\Client\Assets\Models\Weapons\MeleeWeapon\MeleeWeapon_537_Knife_Carrot\Texture\Knife_Carrot_S.tga.meta
D    C:\CFMobile\Client\Assets\Models\Weapons\MeleeWeapon\MeleeWeapon_537_Knife_Carrot\Texture\Knife_Carrot.tga
A    C:\CFMobile\Client\Assets\Models\Weapons\MeleeWeapon\MeleeWeapon_537_Knife_Carrot\Texture\Knife_Carrot.tga
A    C:\CFMobile\Client\Assets\Models\Weapons\MeleeWeapon\MeleeWeapon_537_Knife_Carrot\Texture\Trans_nomipmap_Knife_Carrot.tga
D    C:\CFMobile\Client\Assets\Models\Weapons\MeleeWeapon\MeleeWeapon_537_Knife_Carrot\Texture\Knife_Carrot.tga.meta
A    C:\CFMobile\Client\Assets\Models\Weapons\MeleeWeapon\MeleeWeapon_537_Knife_Carrot\Texture\Knife_Carrot.tga.meta
A    C:\CFMobile\Client\Assets\Models\Weapons\MeleeWeapon\MeleeWeapon_537_Knife_Carrot\Texture\Trans_nomipmap_Knife_Carrot.tga.meta
U    C:\CFMobile\Client\Assets\Models\Weapons\MeleeWeapon\MeleeWeapon_271_TangDao_ShengShiTaiPing\Female_Prefab_3P_TangDao_ShengShiTaiPing_Controller.overrideController
U    C:\CFMobile\Client\Assets\Models\Weapons\MeleeWeapon\MeleeWeapon_271_TangDao_ShengShiTaiPing\Prefab_3P_TangDao_ShengShiTaiPing_Controller.overrideController
U    C:\CFMobile\Client\Assets\Models\Weapons\MeleeWeapon\MeleeWeapon_533_NvHuangLiRen_HuanShou_Gold_HP\Texture\NvHuangLiRen_HuanShou_Gold_HP_albedo.tga
U    C:\CFMobile\Client\Assets\Models\Weapons\MeleeWeapon\MeleeWeapon_533_NvHuangLiRen_HuanShou_Gold_HP\Texture\NvHuangLiRen_HuanShou_Gold_HP_ao_x_m.tga
U    C:\CFMobile\Client\Assets\Models\Weapons\MeleeWeapon\MeleeWeapon_532_NvHuangLiRen_HuanShou_Gold\Texture\NvHuangLiRen_HuanShou_Gold_albedo.tga
U    C:\CFMobile\Client\Assets\Models\Weapons\MeleeWeapon\MeleeWeapon_532_NvHuangLiRen_HuanShou_Gold\Texture\NvHuangLiRen_HuanShou_Gold_ao_x_m.tga
U    C:\CFMobile\Client\Assets\Models\Weapons\MeleeWeapon\MeleeWeapon_532_NvHuangLiRen_HuanShou_Gold\Texture\UnCompress_NvHuangLiRen_HuanShou_Gold_n_r_m.tga
U    C:\CFMobile\Client\Assets\Models\Weapons\MeleeWeapon\MeleeWeapon_532_NvHuangLiRen_HuanShou_Gold\Materials\1P_NvHuangLiRen_HuanShou_Gold.mat
U    C:\CFMobile\Client\Assets\Models\Weapons\MeleeWeapon\MeleeWeapon_540_ShuangJieGun_HuiL\Texture\Trans_ShuangJieGun_HuiL_packed_albedo.tga
U    C:\CFMobile\Client\Assets\Models\Weapons\MeleeWeapon\MeleeWeapon_540_ShuangJieGun_HuiL\Texture\ShuangJieGun_HuiL_packed_ao_x_m.tga
U    C:\CFMobile\Client\Assets\Models\Weapons\MeleeWeapon\MeleeWeapon_540_ShuangJieGun_HuiL\Texture\3P_ShuangJieGun_HuiL.tga
A    C:\CFMobile\Client\Assets\Models\Weapons\MeleeWeapon\MeleeWeapon_540_ShuangJieGun_HuiL\Texture\ShuangJieGun_HuiL_E.tga
A    C:\CFMobile\Client\Assets\Models\Weapons\MeleeWeapon\MeleeWeapon_540_ShuangJieGun_HuiL\Texture\ShuangJieGun_HuiL_E.tga.meta
U    C:\CFMobile\Client\Assets\Models\Weapons\MeleeWeapon\MeleeWeapon_540_ShuangJieGun_HuiL\Texture\UnCompress_ShuangJieGun_HuiL_packed_n_r.tga
U    C:\CFMobile\Client\Assets\Models\Weapons\MeleeWeapon\MeleeWeapon_540_ShuangJieGun_HuiL\Materials\1P_ShuangJieGun_HuiL_A.mat
U    C:\CFMobile\Client\Assets\Models\Weapons\MeleeWeapon\MeleeWeapon_540_ShuangJieGun_HuiL\Materials\1P_ShuangJieGun_HuiL_B.mat
U    C:\CFMobile\Client\Assets\Models\Weapons\MeleeWeapon\MeleeWeapon_540_ShuangJieGun_HuiL\Materials\1P_ShuangJieGun_HuiL_B.mat.meta
U    C:\CFMobile\Client\Assets\Models\Weapons\MeleeWeapon\MeleeWeapon_540_ShuangJieGun_HuiL\Prefab_1P_ShuangJieGun_HuiL_Go.prefab
U    C:\CFMobile\Client\Assets\Models\Weapons\MeleeWeapon\MeleeWeapon_529_YiLongCi\Female_Prefab_3P_YiLongCi_L_Go.prefab
U    C:\CFMobile\Client\Assets\Models\Weapons\MeleeWeapon\MeleeWeapon_529_YiLongCi\Female_Prefab_3P_YiLongCi_R_Go.prefab
U    C:\CFMobile\Client\Assets\Models\Weapons\MeleeWeapon\MeleeWeapon_529_YiLongCi\Prefab_1P_YiLongCi_Go.prefab
U    C:\CFMobile\Client\Assets\Models\Weapons\MeleeWeapon\MeleeWeapon_529_YiLongCi\Prefab_3P_YiLongCi_L_Go.prefab
U    C:\CFMobile\Client\Assets\Models\Weapons\MeleeWeapon\MeleeWeapon_529_YiLongCi\Prefab_3P_YiLongCi_R_Go.prefab
D    C:\CFMobile\Client\Assets\Models\Weapons\ThrowWeapon\ThrowWeapon_478_YanWu_MieHuoQiu\Prefab_3P_YanWu_MieHuoQiu_Go_TPS.prefab
D    C:\CFMobile\Client\Assets\Models\Weapons\ThrowWeapon\ThrowWeapon_478_YanWu_MieHuoQiu\Female_Prefab_3P_YanWu_MieHuoQiu_Go_TPS.prefab.meta
D    C:\CFMobile\Client\Assets\Models\Weapons\ThrowWeapon\ThrowWeapon_478_YanWu_MieHuoQiu\Female_Prefab_3P_YanWu_MieHuoQiu_Go_HuangDao.prefab.meta
D    C:\CFMobile\Client\Assets\Models\Weapons\ThrowWeapon\ThrowWeapon_478_YanWu_MieHuoQiu\Prefab_3P_YanWu_MieHuoQiu_Go_HuangDao.prefab
D    C:\CFMobile\Client\Assets\Models\Weapons\ThrowWeapon\ThrowWeapon_478_YanWu_MieHuoQiu\Prefab_1P_YanWu_MieHuoQiu_Go_HuangDao.prefab
D    C:\CFMobile\Client\Assets\Models\Weapons\ThrowWeapon\ThrowWeapon_478_YanWu_MieHuoQiu\Prefab_3P_YanWu_MieHuoQiu_Go_HuangDao.prefab.meta
D    C:\CFMobile\Client\Assets\Models\Weapons\ThrowWeapon\ThrowWeapon_478_YanWu_MieHuoQiu\Prefab_1P_YanWu_MieHuoQiu_Go_HuangDao.prefab.meta
D    C:\CFMobile\Client\Assets\Models\Weapons\ThrowWeapon\ThrowWeapon_478_YanWu_MieHuoQiu\Female_Prefab_3P_YanWu_MieHuoQiu_Go_HuangDao.prefab
D    C:\CFMobile\Client\Assets\Models\Weapons\ThrowWeapon\ThrowWeapon_478_YanWu_MieHuoQiu\Female_Prefab_3P_YanWu_MieHuoQiu_Go_TPS.prefab
D    C:\CFMobile\Client\Assets\Models\Weapons\ThrowWeapon\ThrowWeapon_478_YanWu_MieHuoQiu\Prefab_3P_YanWu_MieHuoQiu_Go_TPS.prefab.meta
A    C:\CFMobile\Client\Assets\Models\Weapons\ThrowWeapon\ThrowWeapon_478_YanWu_MieHuoQiu\Materials\1P_YanWu_MieHuoQiu.mat
A    C:\CFMobile\Client\Assets\Models\Weapons\ThrowWeapon\ThrowWeapon_478_YanWu_MieHuoQiu\Materials\1P_YanWu_MieHuoQiu.mat.meta
A    C:\CFMobile\Client\Assets\Models\Weapons\ThrowWeapon\ThrowWeapon_478_YanWu_MieHuoQiu\Materials\3P_YanWu_MieHuoQiu.mat
A    C:\CFMobile\Client\Assets\Models\Weapons\ThrowWeapon\ThrowWeapon_478_YanWu_MieHuoQiu\Materials\3P_YanWu_MieHuoQiu.mat.meta
U    C:\CFMobile\Client\Assets\Models\Weapons\ThrowWeapon\ThrowWeapon_478_YanWu_MieHuoQiu\Prefab_1P_YanWu_MieHuoQiu_Go.prefab
A    C:\CFMobile\Client\Assets\Models\Weapons\ThrowWeapon\ThrowWeapon_478_YanWu_MieHuoQiu\Texture\UnCompress_YanWu_MieHuoQiu_n_r.tga
A    C:\CFMobile\Client\Assets\Models\Weapons\ThrowWeapon\ThrowWeapon_478_YanWu_MieHuoQiu\Texture\UnCompress_YanWu_MieHuoQiu_n_r.tga.meta
A    C:\CFMobile\Client\Assets\Models\Weapons\ThrowWeapon\ThrowWeapon_478_YanWu_MieHuoQiu\Texture\YanWu_MieHuoQiu_packed_albedo.tga
A    C:\CFMobile\Client\Assets\Models\Weapons\ThrowWeapon\ThrowWeapon_478_YanWu_MieHuoQiu\Texture\YanWu_MieHuoQiu_packed_albedo.tga.meta
A    C:\CFMobile\Client\Assets\Models\Weapons\ThrowWeapon\ThrowWeapon_478_YanWu_MieHuoQiu\Texture\YanWu_MieHuoQiu_packed_ao_ x_m.tga
A    C:\CFMobile\Client\Assets\Models\Weapons\ThrowWeapon\ThrowWeapon_478_YanWu_MieHuoQiu\Texture\YanWu_MieHuoQiu_packed_ao_ x_m.tga.meta
U    C:\CFMobile\Client\Assets\Models\Weapons\ThrowWeapon\ThrowWeapon_478_YanWu_MieHuoQiu\Female_Prefab_3P_YanWu_MieHuoQiu_Go.prefab
U    C:\CFMobile\Client\Assets\Models\Weapons\ThrowWeapon\ThrowWeapon_478_YanWu_MieHuoQiu\Female_Prefab_3P_YanWu_MieHuoQiu_Go.prefab.meta
U    C:\CFMobile\Client\Assets\Models\Weapons\ThrowWeapon\ThrowWeapon_478_YanWu_MieHuoQiu\Prefab_1P_YanWu_MieHuoQiu_Go.prefab.meta
U    C:\CFMobile\Client\Assets\Models\Weapons\ThrowWeapon\ThrowWeapon_478_YanWu_MieHuoQiu\Prefab_3P_YanWu_MieHuoQiu_Go.prefab
U    C:\CFMobile\Client\Assets\Models\Weapons\ThrowWeapon\ThrowWeapon_478_YanWu_MieHuoQiu\Prefab_3P_YanWu_MieHuoQiu_Go.prefab.meta
U    C:\CFMobile\Client\Assets\Models\Weapons\ThrowWeapon\ThrowWeapon_484_YanWu_NanGe\Materials\1P_YanWu_NanGe_A.mat
U    C:\CFMobile\Client\Assets\Models\Weapons\ThrowWeapon\ThrowWeapon_484_YanWu_NanGe\Materials\YANWU_Nange_albedo_B.mat.meta
U    C:\CFMobile\Client\Assets\Models\Weapons\ThrowWeapon\ThrowWeapon_484_YanWu_NanGe\Texture\YANWU_Nange_N_r_A.tga
U    C:\CFMobile\Client\Assets\Models\Weapons\ThrowWeapon\ThrowWeapon_484_YanWu_NanGe\Texture\YANWU_Nange_albedo_A.tga
U    C:\CFMobile\Client\Assets\Models\Weapons\ThrowWeapon\ThrowWeapon_484_YanWu_NanGe\Texture\YANWU_Nange_albedo_B.tga
U    C:\CFMobile\Client\Assets\Models\Weapons\ThrowWeapon\ThrowWeapon_484_YanWu_NanGe\Texture\YANWU_Nange_ao_x_m_A.tga
U    C:\CFMobile\Client\Assets\Models\Weapons\ThrowWeapon\ThrowWeapon_449_YanWu_SiShen_Gold_HS\Texture\Trans_Nomipmap_YanWu_SiShen_Gold_HS_albedo.tga
U    C:\CFMobile\Client\Assets\Models\Weapons\ThrowWeapon\ThrowWeapon_448_ShanGuang_SiShen_Gold_HS\Texture\Trans_Nomipmap_ShanGuang_SiShen_Gold_HS_albedo.tga
U    C:\CFMobile\Client\Assets\Models\Weapons\ThrowWeapon\ThrowWeapon_447_ShouLei_SiShen_Gold_HS\Materials\1P_ShouLei_SiShen_Gold_HS_A.mat
U    C:\CFMobile\Client\Assets\Models\Weapons\ThrowWeapon\ThrowWeapon_447_ShouLei_SiShen_Gold_HS\Texture\ShouLei_SiShen_Gold_HS_ao_x_m.tga
U    C:\CFMobile\Client\Assets\Models\Weapons\ThrowWeapon\ThrowWeapon_447_ShouLei_SiShen_Gold_HS\Texture\Trans_Nomipmap_ShouLei_SiShen_Gold_HS_albedo.tga
U    C:\CFMobile\Client\Assets\Models\Weapons\ThrowWeapon\ThrowWeapon_447_ShouLei_SiShen_Gold_HS\Texture\Trans_Nomipmap_ShouLei_SiShen_Gold_HS_n_r.tga
U    C:\CFMobile\Client\Assets\Models\Weapons\AssiWeapon\AssiWeapon_372_DesertEagle_HuanShou_Gold_HP\Materials\1P_DesertEagle_HuanShou_Gold_HP.mat
U    C:\CFMobile\Client\Assets\Models\Weapons\AssiWeapon\AssiWeapon_372_DesertEagle_HuanShou_Gold_HP\Texture\Trans_nomipmap_DesertEagle_HuanShou_Gold_HP_albedo.tga
U    C:\CFMobile\Client\Assets\Models\Weapons\AssiWeapon\AssiWeapon_372_DesertEagle_HuanShou_Gold_HP\Texture\DesertEagle_HuanShou_Gold_HP_ao_x_m.tga
U    C:\CFMobile\Client\Assets\Models\Weapons\AssiWeapon\AssiWeapon_372_DesertEagle_HuanShou_Gold_HP\Texture\Nomipmap_DesertEagle_HuanShou_Gold_HP_albedo.tga
U    C:\CFMobile\Client\Assets\Models\Weapons\AssiWeapon\AssiWeapon_372_DesertEagle_HuanShou_Gold_HP\Texture\UnCompress_DesertEagle_HuanShou_Gold_HP_N_r_m.tga
U    C:\CFMobile\Client\Assets\Models\Weapons\AssiWeapon\AssiWeapon_375_LiZiPao_TanCe\Prefab_1P_LiZiPao_TanCe_Go.prefab
U    C:\CFMobile\Client\Assets\Models\Weapons\AssiWeapon\AssiWeapon_368_MAC_10_FengShenYiLong\Texture\MAC_10_FengShenYiLong_albedo.tga
U    C:\CFMobile\Client\Assets\Models\Weapons\AssiWeapon\AssiWeapon_368_MAC_10_FengShenYiLong\Texture\MAC_10_FengShenYiLong_ao_x_m.tga
U    C:\CFMobile\Client\Assets\Models\Weapons\AssiWeapon\AssiWeapon_368_MAC_10_FengShenYiLong\Texture\UnCompress_MAC_10_FengShenYiLong_n_r.tga
U    C:\CFMobile\Client\Assets\Models\Weapons\AssiWeapon\AssiWeapon_368_MAC_10_FengShenYiLong\Female_Prefab_3P_MAC_10_FengShenYiLong_Go.prefab
U    C:\CFMobile\Client\Assets\Models\Weapons\AssiWeapon\AssiWeapon_368_MAC_10_FengShenYiLong\Prefab_1P_MAC_10_FengShenYiLong_Go.prefab
U    C:\CFMobile\Client\Assets\Models\Weapons\AssiWeapon\AssiWeapon_368_MAC_10_FengShenYiLong\Prefab_3P_MAC_10_FengShenYiLong_Go.prefab
U    C:\CFMobile\Client\Assets\Models\Weapons\AssiWeapon\AssiWeapon_371_DesertEagle_HuanShou_Gold\Materials\1P_DesertEagle_HuanShou_Gold.mat
A    C:\CFMobile\Client\Assets\Models\UI_Anims\Avatar\UI_Swat_SongFuTu_B\PBR_Materials\Swat_SongFuTu_B_Eyelashes.mat
A    C:\CFMobile\Client\Assets\Models\UI_Anims\Avatar\UI_Swat_SongFuTu_B\PBR_Materials\Swat_SongFuTu_B_Eyelashes.mat.meta
A    C:\CFMobile\Client\Assets\Models\UI_Anims\Avatar\UI_Swat_SongFuTu_B\PBR_Materials\Swat_SongFuTu_B_Mao.mat
A    C:\CFMobile\Client\Assets\Models\UI_Anims\Avatar\UI_Swat_SongFuTu_B\PBR_Materials\Swat_SongFuTu_B_Mao.mat.meta
U    C:\CFMobile\Client\Assets\Models\UI_Anims\Avatar\UI_Swat_SongFuTu_B\UI_Swat_SongFuTu_B_Go.prefab
U    C:\CFMobile\Client\Assets\Models\UI_Anims\Avatar\UI_DiaoChan_B\UI_DiaoChan_B_Go.prefab
U    C:\CFMobile\Client\Assets\Models\UI_Anims\Avatar\UI_DiaoChan_HS\UI_DiaoChan_01_B\UI_DiaoChan_01_B_Go.prefab
U    C:\CFMobile\Client\Assets\Models\UI_Anims\Avatar\UI_DiaoChan_HS\UI_DiaoChan_01_P\PBR_Materials\DiaoChan_01_P_leg.mat
U    C:\CFMobile\Client\Assets\Models\UI_Anims\Avatar\UI_DiaoChan_HS\UI_DiaoChan_01_P\UI_DiaoChan_01_P_Go.prefab
U    C:\CFMobile\Client\Assets\Models\UI_Anims\Avatar\UI_DiaoChan_HS\UI_DiaoChan_01_S\PBR_Materials\DiaoChan_01_S_body.mat
A    C:\CFMobile\Client\Assets\Models\UI_Anims\Avatar\UI_DiaoChan_HS\UI_DiaoChan_01_S\PBR_Materials\DiaoChan_01_S_glass.mat
A    C:\CFMobile\Client\Assets\Models\UI_Anims\Avatar\UI_DiaoChan_HS\UI_DiaoChan_01_S\PBR_Materials\DiaoChan_01_S_glass.mat.meta
U    C:\CFMobile\Client\Assets\Models\UI_Anims\Avatar\UI_DiaoChan_HS\UI_DiaoChan_01_S\PBR_Materials\DiaoChan_01_S_leg.mat
U    C:\CFMobile\Client\Assets\Models\UI_Anims\Avatar\UI_DiaoChan_HS\UI_DiaoChan_01_S\PBR_Materials\DiaoChan_01_S_toushi.mat
U    C:\CFMobile\Client\Assets\Models\UI_Anims\Avatar\UI_DiaoChan_HS\UI_DiaoChan_01_S\UI_DiaoChan_01_S_Go.prefab
U    C:\CFMobile\Client\Assets\Models\UI_Anims\Avatar\UI_DiaoChan_P\PBR_Materials\DiaoChan_P_hair.mat
U    C:\CFMobile\Client\Assets\Models\UI_Anims\Avatar\UI_DiaoChan_P\PBR_Materials\DiaoChan_P_leg.mat
U    C:\CFMobile\Client\Assets\Models\UI_Anims\Avatar\UI_DiaoChan_P\PBR_Texture\DiaoChan_P_body_D.tga
U    C:\CFMobile\Client\Assets\Models\UI_Anims\Avatar\UI_DiaoChan_P\PBR_Texture\DiaoChan_P_body_S.tga
U    C:\CFMobile\Client\Assets\Models\UI_Anims\Avatar\UI_DiaoChan_P\diaochan.FBX
U    C:\CFMobile\Client\Assets\Models\UI_Anims\Avatar\UI_DiaoChan_S\PBR_Materials\DiaoChan_S_toushi.mat
U    C:\CFMobile\Client\Assets\Models\UI_Anims\Avatar\UI_DiaoChan_S\PBR_Materials\DiaoChan_S_body.mat
A    C:\CFMobile\Client\Assets\Models\UI_Anims\Avatar\UI_DiaoChan_S\PBR_Materials\DiaoChan_S_glass.mat
A    C:\CFMobile\Client\Assets\Models\UI_Anims\Avatar\UI_DiaoChan_S\PBR_Materials\DiaoChan_S_glass.mat.meta
U    C:\CFMobile\Client\Assets\Models\UI_Anims\Avatar\UI_DiaoChan_S\PBR_Materials\DiaoChan_S_leg.mat
U    C:\CFMobile\Client\Assets\Models\UI_Anims\Avatar\UI_DiaoChan_S\UI_DiaoChan_S_Go.prefab
A    C:\CFMobile\Client\Assets\Models\UI_Anims\Avatar\UI_DiaoChan_S\PBR_Texture\DiaoChan_S_leg_Mask.tga
A    C:\CFMobile\Client\Assets\Models\UI_Anims\Avatar\UI_DiaoChan_S\PBR_Texture\DiaoChan_S_leg_Mask.tga.meta
U    C:\CFMobile\Client\Assets\Models\UI_Anims\Weapons\MeleeWeapon\CF_UI_Knife_Carrot\Materials\UI_Knife_Carrot.mat
U    C:\CFMobile\Client\Assets\Models\UI_Anims\Weapons\MeleeWeapon\CF_UI_Knife_Carrot\Materials\UI_Knife_Carrot.mat.meta
U    C:\CFMobile\Client\Assets\Models\UI_Anims\Weapons\MeleeWeapon\CF_UI_Knife_Carrot\Female_Prefab_UI_Knife_Carrot_Go.prefab
U    C:\CFMobile\Client\Assets\Models\UI_Anims\Weapons\MeleeWeapon\CF_UI_Knife_Carrot\Prefab_UI_Knife_Carrot_Go.prefab
U    C:\CFMobile\Client\Assets\Models\UI_Anims\Weapons\MeleeWeapon\CF_UI_ShuangJieGun_HuiL\Materials\UI_ShuangJieGun_HuiL_A.mat
U    C:\CFMobile\Client\Assets\Models\UI_Anims\Weapons\MeleeWeapon\CF_UI_ShuangJieGun_HuiL\Materials\UI_ShuangJieGun_HuiL_B.mat
U    C:\CFMobile\Client\Assets\Models\UI_Anims\Weapons\MeleeWeapon\CF_UI_ShuangJieGun_HuiL\Materials\UI_ShuangJieGun_HuiL_B.mat.meta
U    C:\CFMobile\Client\Assets\Models\UI_Anims\Weapons\MainWeapon\CF_UI_TAC_300_Qing\Female_Prefab_UI_TAC_300_Qing_Go.prefab
A    C:\CFMobile\Client\Assets\Models\UI_Anims\Weapons\MainWeapon\CF_UI_TAC_300_Qing\Materials\UI_TAC_300.mat
A    C:\CFMobile\Client\Assets\Models\UI_Anims\Weapons\MainWeapon\CF_UI_TAC_300_Qing\Materials\UI_TAC_300.mat.meta
U    C:\CFMobile\Client\Assets\Models\UI_Anims\Weapons\MainWeapon\CF_UI_TAC_300_Qing\Prefab_UI_TAC_300_Qing_Go.prefab
U    C:\CFMobile\Client\Assets\Models\UI_Anims\Weapons\MainWeapon\CF_UI_AK47_FengShenYiLong\Female_Prefab_UI_AK47_FengShenYiLong_Go.prefab
U    C:\CFMobile\Client\Assets\Models\UI_Anims\Weapons\MainWeapon\CF_UI_AK47_FengShenYiLong\Prefab_UI_AK47_FengShenYiLong_Go.prefab
D    C:\CFMobile\Client\Assets\Models\UI_Anims\Weapons\MainWeapon\CF_UI_AK47_FengShenYiLong\Materials\UI_Glass_JinGangSHi.mat
D    C:\CFMobile\Client\Assets\Models\UI_Anims\Weapons\MainWeapon\CF_UI_AK47_FengShenYiLong\Materials\UI_Glass_JinGangSHi.mat.meta
U    C:\CFMobile\Client\Assets\Models\UI_Anims\Weapons\MainWeapon\CF_UI_AK47_FengShenYiLong\Materials\UI_AK47_FengShenYiLong_B.mat
U    C:\CFMobile\Client\Assets\Models\UI_Anims\Weapons\MainWeapon\CF_UI_AK47_FengShenYiLong\Materials\UI_AK47_FengShenYiLong_C.mat
U    C:\CFMobile\Client\Assets\Models\UI_Anims\Weapons\MainWeapon\CF_UI_AK47_FengShenYiLong\Materials\UI_AK47_FengShenYiLong_C.mat.meta
U    C:\CFMobile\Client\Assets\Models\UI_Anims\Weapons\AssiWeapon\CF_UI_DesertEagle_HuanShou_Gold_HP\Materials\UI_DesertEagle_HuanShou_Gold_HP.mat
U    C:\CFMobile\Client\Assets\Models\UI_Anims\Weapons\AssiWeapon\CF_UI_MAC_10_FengShenYiLong\Female_Prefab_UI_MAC_10_FengShenYiLong_Go.prefab
U    C:\CFMobile\Client\Assets\Models\UI_Anims\Weapons\AssiWeapon\CF_UI_MAC_10_FengShenYiLong\Prefab_UI_MAC_10_FengShenYiLong_Go.prefab
U    C:\CFMobile\Client\Assets\Models\UI_Anims\Avatar_Porp\BeiBao\UI_XinNianTu_BeiBao\UI_XinNianTu_BeiBao_G.prefab
U    C:\CFMobile\Client\Assets\Models\UI_Anims\Avatar_Porp\BeiBao\UI_XinNianTu_BeiBao\UI_XinNianTu_BeiBao_M.prefab
A    C:\CFMobile\Client\Assets\Models\UI_Anims\Avatar_Porp\BeiBao\UI_XinNianTu_BeiBao\UI_XinNianTu_BeiBao_G.overrideController
A    C:\CFMobile\Client\Assets\Models\UI_Anims\Avatar_Porp\BeiBao\UI_XinNianTu_BeiBao\UI_XinNianTu_BeiBao_G.overrideController.meta
U    C:\CFMobile\Client\Assets\Models\UI_Anims\Avatar_Porp\BeiBao\UI_XinNianTu_BeiBao\Materials\UI_XinNianTu_BeiBao.mat
U    C:\CFMobile\Client\Assets\Models\UI_Anims\Avatar_Porp\BeiBao\UI_XinNianTu_BeiBao\Textures\UI_XinNianTu_BeiBao_D.tga
U    C:\CFMobile\Client\Assets\Models\UI_Anims\Avatar_Porp\BeiBao\UI_XinNianTu_BeiBao\Textures\UI_XinNianTu_BeiBao_S.tga
U    C:\CFMobile\Client\Assets\Models\Avatar\CF_Models\CF_FamilyB_Swat_SongFuTu\CF_FamilyB_Swat_SongFuTu_3P_Go.prefab
U    C:\CFMobile\Client\Assets\Models\Avatar\CF_Models\CF_FamilyP_Swat_SongFuTu\CF_FamilyP_Swat_SongFuTu_3P_Go.prefab
U    C:\CFMobile\Client\Assets\Models\Avatar\CF_Models\CF_FamilyP_DiaoChan\CF_FamilyP_DiaoChan_1P_Go.prefab
U    C:\CFMobile\Client\Assets\Models\Avatar\CF_Models\CF_FamilySP_DiaoChan\CF_FamilySP_DiaoChan_1P_Go.prefab
D    C:\CFMobile\Client\Assets\Models\Avatar\CF_Models\CF_DiaoChan_HS\CF_FamilyB_DiaoChan_01\CF_FamilyB_DiaoChan_TiTui_01_1P_Go.prefab.meta
D    C:\CFMobile\Client\Assets\Models\Avatar\CF_Models\CF_DiaoChan_HS\CF_FamilyB_DiaoChan_01\CF_FamilyB_DiaoChan_TiTui_01_1P_Go.prefab
A    C:\CFMobile\Client\Assets\Models\Avatar\CF_Models\CF_DiaoChan_HS\CF_FamilyB_DiaoChan_01\CF_FamilyB_DiaoChan_01_TiTui_1P_Go.prefab
A    C:\CFMobile\Client\Assets\Models\Avatar\CF_Models\CF_DiaoChan_HS\CF_FamilyB_DiaoChan_01\CF_FamilyB_DiaoChan_01_TiTui_1P_Go.prefab.meta
D    C:\CFMobile\Client\Assets\Models\Avatar\CF_Models\CF_DiaoChan_HS\CF_FamilyP_DiaoChan_01\CF_FamilyP_DiaoChan_TiTui_01_1P_Go.prefab.meta
D    C:\CFMobile\Client\Assets\Models\Avatar\CF_Models\CF_DiaoChan_HS\CF_FamilyP_DiaoChan_01\CF_FamilyP_DiaoChan_TiTui_01_1P_Go.prefab
A    C:\CFMobile\Client\Assets\Models\Avatar\CF_Models\CF_DiaoChan_HS\CF_FamilyP_DiaoChan_01\CF_FamilyP_DiaoChan_01_TiTui_1P_Go.prefab
A    C:\CFMobile\Client\Assets\Models\Avatar\CF_Models\CF_DiaoChan_HS\CF_FamilyP_DiaoChan_01\CF_FamilyP_DiaoChan_01_TiTui_1P_Go.prefab.meta
D    C:\CFMobile\Client\Assets\Models\Avatar\CF_Models\CF_DiaoChan_HS\CF_FamilySP_DiaoChan_01\CF_FamilySP_DiaoChan_TiTui_01_1P_Go.prefab.meta
D    C:\CFMobile\Client\Assets\Models\Avatar\CF_Models\CF_DiaoChan_HS\CF_FamilySP_DiaoChan_01\CF_FamilySP_DiaoChan_TiTui_01_1P_Go.prefab
A    C:\CFMobile\Client\Assets\Models\Avatar\CF_Models\CF_DiaoChan_HS\CF_FamilySP_DiaoChan_01\CF_FamilySP_DiaoChan_01_TiTui_1P_Go.prefab
A    C:\CFMobile\Client\Assets\Models\Avatar\CF_Models\CF_DiaoChan_HS\CF_FamilySP_DiaoChan_01\CF_FamilySP_DiaoChan_01_TiTui_1P_Go.prefab.meta
U    C:\CFMobile\Client\Assets\Models\Prop\Prop_PVP_Weapon\CF_WanOu_DiaoChan\Texture\Nomipmap_WanOu_DiaoChan_B.tga
U    C:\CFMobile\Client\Assets\Models\Prop\Prop_PVP_Weapon\CF_WanOu_DiaoChan\Texture\Nomipmap_WanOu_DiaoChan_P.tga
U    C:\CFMobile\Client\Assets\Models\Prop\Prop_PVP_Weapon\CF_WanOu_DiaoChan\CF_WanOu_DiaoChan_DaTing.prefab
U    C:\CFMobile\Client\Assets\Models\Avatar_PBR\Avatar_Prop\BeiBao\3P_XinNianTu_BeiBao\Materials\XinNianTu_BeiBao_3P.mat
U    C:\CFMobile\Client\Assets\Models\Avatar_PBR\Avatar_Prop\BeiBao\3P_XinNianTu_BeiBao\Textures\nomipmap_XinNianTu_BeiBao_3P_packed_ao_x_m.tga
U    C:\CFMobile\Client\Assets\Models\Avatar_PBR\Avatar_Prop\BeiBao\3P_XinNianTu_BeiBao\Textures\nomipmap_XinNianTu_BeiBao_3P_packed_d_alpha.tga
Updated to revision 1549399.